2018-08-28 01:11:13.920  INFO 13088 --- [restartedMain] c.j.z.m.MyspringbootApplication          : Starting MyspringbootApplication on pc-zhaowei with PID 13088 (D:\ideaWorkSpace\MySpringBoot\target\classes started by zhaowei in D:\ideaWorkSpace\MySpringBoot)
2018-08-28 01:11:13.921  INFO 13088 --- [restartedMain] c.j.z.m.MyspringbootApplication          : No active profile set, falling back to default profiles: default
2018-08-28 01:11:13.944  INFO 13088 --- [restartedMain] ConfigServletWebServerApplicationContext : Refreshing org.springframework.boot.web.servlet.context.AnnotationConfigServletWebServerApplicationContext@39665b76: startup date [Tue Aug 28 01:11:13 CST 2018]; root of context hierarchy
2018-08-28 01:11:14.539  INFO 13088 --- [restartedMain] o.s.b.w.embedded.tomcat.TomcatWebServer  : Tomcat initialized with port(s): 8080 (http)
2018-08-28 01:11:14.551  INFO 13088 --- [restartedMain] o.apache.catalina.core.StandardService   : Starting service [Tomcat]
2018-08-28 01:11:14.552  INFO 13088 --- [restartedMain] org.apache.catalina.core.StandardEngine  : Starting Servlet Engine: Apache Tomcat/8.5.32
2018-08-28 01:11:14.555  INFO 13088 --- [localhost-startStop-1] o.a.catalina.core.AprLifecycleListener   : The APR based Apache Tomcat Native library which allows optimal performance in production environments was not found on the java.library.path: [E:\JDK10\bin;C:\WINDOWS\Sun\Java\bin;C:\WINDOWS\system32;C:\WINDOWS;E:\JDK10\bin;C:\Program Files (x86)\Common Files\Oracle\Java\javapath;C:\WINDOWS\system32;C:\WINDOWS;C:\WINDOWS\System32\Wbem;C:\WINDOWS\System32\WindowsPowerShell\v1.0\;C:\WINDOWS\System32\OpenSSH\;E:\maven\package\apache-maven-3.5.4-bin\apache-maven-3.5.4\bin;E:\Git\Git\cmd;C:\Users\dell\AppData\Local\Microsoft\WindowsApps;;E:\驱动精灵\DriverGenius;E:\驱动精灵\DriverGenius\ksoft;.]
2018-08-28 01:11:14.597  INFO 13088 --- [localhost-startStop-1] o.a.c.c.C.[Tomcat].[localhost].[/]       : Initializing Spring embedded WebApplicationContext
2018-08-28 01:11:14.597  INFO 13088 --- [localhost-startStop-1] o.s.web.context.ContextLoader            : Root WebApplicationContext: initialization completed in 653 ms
2018-08-28 01:11:14.628  INFO 13088 --- [localhost-startStop-1] o.s.b.w.servlet.ServletRegistrationBean  : Servlet dispatcherServlet mapped to [/]
2018-08-28 01:11:14.631  INFO 13088 --- [localhost-startStop-1] o.s.b.w.servlet.FilterRegistrationBean   : Mapping filter: 'characterEncodingFilter' to: [/*]
2018-08-28 01:11:14.631  INFO 13088 --- [localhost-startStop-1] o.s.b.w.servlet.FilterRegistrationBean   : Mapping filter: 'hiddenHttpMethodFilter' to: [/*]
2018-08-28 01:11:14.631  INFO 13088 --- [localhost-startStop-1] o.s.b.w.servlet.FilterRegistrationBean   : Mapping filter: 'httpPutFormContentFilter' to: [/*]
2018-08-28 01:11:14.631  INFO 13088 --- [localhost-startStop-1] o.s.b.w.servlet.FilterRegistrationBean   : Mapping filter: 'requestContextFilter' to: [/*]
2018-08-28 01:11:14.658  WARN 13088 --- [restartedMain] c.j.z.m.MyspringbootApplication          : cn.jxau.zhaowei.myspringboot.MyspringbootApplicationhave done
2018-08-28 01:11:14.659  WARN 13088 --- [restartedMain] c.j.z.m.MyspringbootApplication          : cn.jxau.zhaowei.myspringboot.MyspringbootApplicationhave done
2018-08-28 01:11:14.694  INFO 13088 --- [restartedMain] o.s.w.s.handler.SimpleUrlHandlerMapping  : Mapped URL path [/**/favicon.ico] onto handler of type [class org.springframework.web.servlet.resource.ResourceHttpRequestHandler]
2018-08-28 01:11:14.775  INFO 13088 --- [restartedMain] s.w.s.m.m.a.RequestMappingHandlerAdapter : Looking for @ControllerAdvice: org.springframework.boot.web.servlet.context.AnnotationConfigServletWebServerApplicationContext@39665b76: startup date [Tue Aug 28 01:11:13 CST 2018]; root of context hierarchy
2018-08-28 01:11:14.799  INFO 13088 --- [restartedMain] s.w.s.m.m.a.RequestMappingHandlerMapping : Mapped "{[/greeting]}" onto public cn.jxau.zhaowei.myspringboot.hello.Greeting cn.jxau.zhaowei.myspringboot.hello.GreetingController.greeting(java.lang.String)
2018-08-28 01:11:14.801  INFO 13088 --- [restartedMain] s.w.s.m.m.a.RequestMappingHandlerMapping : Mapped "{[/error]}" onto public org.springframework.http.ResponseEntity<java.util.Map<java.lang.String, java.lang.Object>> org.springframework.boot.autoconfigure.web.servlet.error.BasicErrorController.error(javax.servlet.http.HttpServletRequest)
2018-08-28 01:11:14.801  INFO 13088 --- [restartedMain] s.w.s.m.m.a.RequestMappingHandlerMapping : Mapped "{[/error],produces=[text/html]}" onto public org.springframework.web.servlet.ModelAndView org.springframework.boot.autoconfigure.web.servlet.error.BasicErrorController.errorHtml(javax.servlet.http.HttpServletRequest,javax.servlet.http.HttpServletResponse)
2018-08-28 01:11:14.811  INFO 13088 --- [restartedMain] o.s.w.s.handler.SimpleUrlHandlerMapping  : Mapped URL path [/webjars/**] onto handler of type [class org.springframework.web.servlet.resource.ResourceHttpRequestHandler]
2018-08-28 01:11:14.812  INFO 13088 --- [restartedMain] o.s.w.s.handler.SimpleUrlHandlerMapping  : Mapped URL path [/**] onto handler of type [class org.springframework.web.servlet.resource.ResourceHttpRequestHandler]
2018-08-28 01:11:14.878  INFO 13088 --- [restartedMain] o.s.b.d.a.OptionalLiveReloadServer       : LiveReload server is running on port 35729
2018-08-28 01:11:14.892  INFO 13088 --- [restartedMain] o.s.j.e.a.AnnotationMBeanExporter        : Registering beans for JMX exposure on startup
2018-08-28 01:11:14.911  INFO 13088 --- [restartedMain] o.s.b.w.embedded.tomcat.TomcatWebServer  : Tomcat started on port(s): 8080 (http) with context path ''
2018-08-28 01:11:14.914  INFO 13088 --- [restartedMain] c.j.z.m.MyspringbootApplication          : Started MyspringbootApplication in 1.383 seconds (JVM running for 1.951)
2018-08-28 01:11:14.915  WARN 13088 --- [restartedMain] c.j.z.myspringboot.runner.FirstRunner    : cn.jxau.zhaowei.myspringboot.runner.FirstRunnerhave done!
2018-08-28 01:11:14.915  WARN 13088 --- [restartedMain] c.j.z.myspringboot.runner.SecondRunner   : cn.jxau.zhaowei.myspringboot.runner.SecondRunnerhave done!!!
2018-08-28 01:11:14.915  WARN 13088 --- [restartedMain] c.j.z.myspringboot.runner.FirstRunner    : cn.jxau.zhaowei.myspringboot.runner.FirstRunnerhave done!
2018-08-28 01:15:19.838  INFO 2604 --- [restartedMain] c.j.z.m.MyspringbootApplication          : Starting MyspringbootApplication on pc-zhaowei with PID 2604 (D:\ideaWorkSpace\MySpringBoot\target\classes started by zhaowei in D:\ideaWorkSpace\MySpringBoot)
2018-08-28 01:15:19.839  INFO 2604 --- [restartedMain] c.j.z.m.MyspringbootApplication          : No active profile set, falling back to default profiles: default
2018-08-28 01:15:19.863  INFO 2604 --- [restartedMain] ConfigServletWebServerApplicationContext : Refreshing org.springframework.boot.web.servlet.context.AnnotationConfigServletWebServerApplicationContext@59fe739b: startup date [Tue Aug 28 01:15:19 CST 2018]; root of context hierarchy
2018-08-28 01:15:20.445  INFO 2604 --- [restartedMain] o.s.b.w.embedded.tomcat.TomcatWebServer  : Tomcat initialized with port(s): 8080 (http)
2018-08-28 01:15:20.456  INFO 2604 --- [restartedMain] o.apache.catalina.core.StandardService   : Starting service [Tomcat]
2018-08-28 01:15:20.457  INFO 2604 --- [restartedMain] org.apache.catalina.core.StandardEngine  : Starting Servlet Engine: Apache Tomcat/8.5.32
2018-08-28 01:15:20.459  INFO 2604 --- [localhost-startStop-1] o.a.catalina.core.AprLifecycleListener   : The APR based Apache Tomcat Native library which allows optimal performance in production environments was not found on the java.library.path: [E:\JDK10\bin;C:\WINDOWS\Sun\Java\bin;C:\WINDOWS\system32;C:\WINDOWS;E:\JDK10\bin;C:\Program Files (x86)\Common Files\Oracle\Java\javapath;C:\WINDOWS\system32;C:\WINDOWS;C:\WINDOWS\System32\Wbem;C:\WINDOWS\System32\WindowsPowerShell\v1.0\;C:\WINDOWS\System32\OpenSSH\;E:\maven\package\apache-maven-3.5.4-bin\apache-maven-3.5.4\bin;E:\Git\Git\cmd;C:\Users\dell\AppData\Local\Microsoft\WindowsApps;;E:\驱动精灵\DriverGenius;E:\驱动精灵\DriverGenius\ksoft;.]
2018-08-28 01:15:20.502  INFO 2604 --- [localhost-startStop-1] o.a.c.c.C.[Tomcat].[localhost].[/]       : Initializing Spring embedded WebApplicationContext
2018-08-28 01:15:20.502  INFO 2604 --- [localhost-startStop-1] o.s.web.context.ContextLoader            : Root WebApplicationContext: initialization completed in 639 ms
2018-08-28 01:15:20.533  INFO 2604 --- [localhost-startStop-1] o.s.b.w.servlet.ServletRegistrationBean  : Servlet dispatcherServlet mapped to [/]
2018-08-28 01:15:20.535  INFO 2604 --- [localhost-startStop-1] o.s.b.w.servlet.FilterRegistrationBean   : Mapping filter: 'characterEncodingFilter' to: [/*]
2018-08-28 01:15:20.535  INFO 2604 --- [localhost-startStop-1] o.s.b.w.servlet.FilterRegistrationBean   : Mapping filter: 'hiddenHttpMethodFilter' to: [/*]
2018-08-28 01:15:20.535  INFO 2604 --- [localhost-startStop-1] o.s.b.w.servlet.FilterRegistrationBean   : Mapping filter: 'httpPutFormContentFilter' to: [/*]
2018-08-28 01:15:20.535  INFO 2604 --- [localhost-startStop-1] o.s.b.w.servlet.FilterRegistrationBean   : Mapping filter: 'requestContextFilter' to: [/*]
2018-08-28 01:15:20.561  WARN 2604 --- [restartedMain] c.j.z.m.MyspringbootApplication          : cn.jxau.zhaowei.myspringboot.MyspringbootApplicationhave done
2018-08-28 01:15:20.562  WARN 2604 --- [restartedMain] c.j.z.m.MyspringbootApplication          : cn.jxau.zhaowei.myspringboot.MyspringbootApplicationhave done
2018-08-28 01:15:20.594  INFO 2604 --- [restartedMain] o.s.w.s.handler.SimpleUrlHandlerMapping  : Mapped URL path [/**/favicon.ico] onto handler of type [class org.springframework.web.servlet.resource.ResourceHttpRequestHandler]
2018-08-28 01:15:20.669  INFO 2604 --- [restartedMain] s.w.s.m.m.a.RequestMappingHandlerAdapter : Looking for @ControllerAdvice: org.springframework.boot.web.servlet.context.AnnotationConfigServletWebServerApplicationContext@59fe739b: startup date [Tue Aug 28 01:15:19 CST 2018]; root of context hierarchy
2018-08-28 01:15:20.692  INFO 2604 --- [restartedMain] s.w.s.m.m.a.RequestMappingHandlerMapping : Mapped "{[/greeting]}" onto public cn.jxau.zhaowei.myspringboot.hello.Greeting cn.jxau.zhaowei.myspringboot.hello.GreetingController.greeting(java.lang.String)
2018-08-28 01:15:20.694  INFO 2604 --- [restartedMain] s.w.s.m.m.a.RequestMappingHandlerMapping : Mapped "{[/error]}" onto public org.springframework.http.ResponseEntity<java.util.Map<java.lang.String, java.lang.Object>> org.springframework.boot.autoconfigure.web.servlet.error.BasicErrorController.error(javax.servlet.http.HttpServletRequest)
2018-08-28 01:15:20.694  INFO 2604 --- [restartedMain] s.w.s.m.m.a.RequestMappingHandlerMapping : Mapped "{[/error],produces=[text/html]}" onto public org.springframework.web.servlet.ModelAndView org.springframework.boot.autoconfigure.web.servlet.error.BasicErrorController.errorHtml(javax.servlet.http.HttpServletRequest,javax.servlet.http.HttpServletResponse)
2018-08-28 01:15:20.705  INFO 2604 --- [restartedMain] o.s.w.s.handler.SimpleUrlHandlerMapping  : Mapped URL path [/webjars/**] onto handler of type [class org.springframework.web.servlet.resource.ResourceHttpRequestHandler]
2018-08-28 01:15:20.705  INFO 2604 --- [restartedMain] o.s.w.s.handler.SimpleUrlHandlerMapping  : Mapped URL path [/**] onto handler of type [class org.springframework.web.servlet.resource.ResourceHttpRequestHandler]
2018-08-28 01:15:20.770  INFO 2604 --- [restartedMain] o.s.b.d.a.OptionalLiveReloadServer       : LiveReload server is running on port 35729
2018-08-28 01:15:20.784  INFO 2604 --- [restartedMain] o.s.j.e.a.AnnotationMBeanExporter        : Registering beans for JMX exposure on startup
2018-08-28 01:15:20.803  INFO 2604 --- [restartedMain] o.s.b.w.embedded.tomcat.TomcatWebServer  : Tomcat started on port(s): 8080 (http) with context path ''
2018-08-28 01:15:20.805  INFO 2604 --- [restartedMain] c.j.z.m.MyspringbootApplication          : Started MyspringbootApplication in 1.352 seconds (JVM running for 1.92)
2018-08-28 01:15:20.807  WARN 2604 --- [restartedMain] c.j.z.myspringboot.runner.FirstRunner    : cn.jxau.zhaowei.myspringboot.runner.FirstRunnerhave done!
2018-08-28 01:15:20.807  WARN 2604 --- [restartedMain] c.j.z.myspringboot.runner.SecondRunner   : cn.jxau.zhaowei.myspringboot.runner.SecondRunnerhave done!!!
2018-08-28 01:15:20.807  WARN 2604 --- [restartedMain] c.j.z.myspringboot.runner.FirstRunner    : cn.jxau.zhaowei.myspringboot.runner.FirstRunnerhave done!
2018-08-28 01:15:20.807  WARN 2604 --- [restartedMain] c.j.z.m.MyspringbootApplication          : cn.jxau.zhaowei.myspringboot.MyspringbootApplicationhave done
2018-08-28 01:56:15.941  INFO 14724 --- [restartedMain] c.j.z.m.MyspringbootApplication          : Starting MyspringbootApplication on pc-zhaowei with PID 14724 (D:\ideaWorkSpace\MySpringBoot\target\classes started by zhaowei in D:\ideaWorkSpace\MySpringBoot)
2018-08-28 01:56:15.941  INFO 14724 --- [restartedMain] c.j.z.m.MyspringbootApplication          : No active profile set, falling back to default profiles: default
2018-08-28 01:56:15.957  INFO 14724 --- [restartedMain] ConfigServletWebServerApplicationContext : Refreshing org.springframework.boot.web.servlet.context.AnnotationConfigServletWebServerApplicationContext@1b0fd7af: startup date [Tue Aug 28 01:56:15 CST 2018]; root of context hierarchy
2018-08-28 01:56:16.531  INFO 14724 --- [restartedMain] o.s.b.w.embedded.tomcat.TomcatWebServer  : Tomcat initialized with port(s): 8080 (http)
2018-08-28 01:56:16.546  INFO 14724 --- [restartedMain] o.apache.catalina.core.StandardService   : Starting service [Tomcat]
2018-08-28 01:56:16.546  INFO 14724 --- [restartedMain] org.apache.catalina.core.StandardEngine  : Starting Servlet Engine: Apache Tomcat/8.5.32
2018-08-28 01:56:16.546  INFO 14724 --- [localhost-startStop-1] o.a.catalina.core.AprLifecycleListener   : The APR based Apache Tomcat Native library which allows optimal performance in production environments was not found on the java.library.path: [E:\JDK10\bin;C:\WINDOWS\Sun\Java\bin;C:\WINDOWS\system32;C:\WINDOWS;E:\JDK10\bin;C:\Program Files (x86)\Common Files\Oracle\Java\javapath;C:\WINDOWS\system32;C:\WINDOWS;C:\WINDOWS\System32\Wbem;C:\WINDOWS\System32\WindowsPowerShell\v1.0\;C:\WINDOWS\System32\OpenSSH\;E:\maven\package\apache-maven-3.5.4-bin\apache-maven-3.5.4\bin;E:\Git\Git\cmd;C:\Users\dell\AppData\Local\Microsoft\WindowsApps;;E:\驱动精灵\DriverGenius;E:\驱动精灵\DriverGenius\ksoft;.]
2018-08-28 01:56:16.593  INFO 14724 --- [localhost-startStop-1] o.a.c.c.C.[Tomcat].[localhost].[/]       : Initializing Spring embedded WebApplicationContext
2018-08-28 01:56:16.593  INFO 14724 --- [localhost-startStop-1] o.s.web.context.ContextLoader            : Root WebApplicationContext: initialization completed in 636 ms
2018-08-28 01:56:16.625  INFO 14724 --- [localhost-startStop-1] o.s.b.w.servlet.ServletRegistrationBean  : Servlet dispatcherServlet mapped to [/]
2018-08-28 01:56:16.625  INFO 14724 --- [localhost-startStop-1] o.s.b.w.servlet.FilterRegistrationBean   : Mapping filter: 'characterEncodingFilter' to: [/*]
2018-08-28 01:56:16.625  INFO 14724 --- [localhost-startStop-1] o.s.b.w.servlet.FilterRegistrationBean   : Mapping filter: 'hiddenHttpMethodFilter' to: [/*]
2018-08-28 01:56:16.625  INFO 14724 --- [localhost-startStop-1] o.s.b.w.servlet.FilterRegistrationBean   : Mapping filter: 'httpPutFormContentFilter' to: [/*]
2018-08-28 01:56:16.625  INFO 14724 --- [localhost-startStop-1] o.s.b.w.servlet.FilterRegistrationBean   : Mapping filter: 'requestContextFilter' to: [/*]
2018-08-28 01:56:16.656  WARN 14724 --- [restartedMain] c.j.z.m.MyspringbootApplication          : cn.jxau.zhaowei.myspringboot.MyspringbootApplicationhave done
2018-08-28 01:56:16.656  WARN 14724 --- [restartedMain] c.j.z.m.MyspringbootApplication          : cn.jxau.zhaowei.myspringboot.MyspringbootApplicationhave done
2018-08-28 01:56:16.687  INFO 14724 --- [restartedMain] o.s.w.s.handler.SimpleUrlHandlerMapping  : Mapped URL path [/**/favicon.ico] onto handler of type [class org.springframework.web.servlet.resource.ResourceHttpRequestHandler]
2018-08-28 01:56:16.765  INFO 14724 --- [restartedMain] s.w.s.m.m.a.RequestMappingHandlerAdapter : Looking for @ControllerAdvice: org.springframework.boot.web.servlet.context.AnnotationConfigServletWebServerApplicationContext@1b0fd7af: startup date [Tue Aug 28 01:56:15 CST 2018]; root of context hierarchy
2018-08-28 01:56:16.796  INFO 14724 --- [restartedMain] s.w.s.m.m.a.RequestMappingHandlerMapping : Mapped "{[/greeting]}" onto public cn.jxau.zhaowei.myspringboot.hello.Greeting cn.jxau.zhaowei.myspringboot.hello.GreetingController.greeting(java.lang.String)
2018-08-28 01:56:16.796  INFO 14724 --- [restartedMain] s.w.s.m.m.a.RequestMappingHandlerMapping : Mapped "{[/error],produces=[text/html]}" onto public org.springframework.web.servlet.ModelAndView org.springframework.boot.autoconfigure.web.servlet.error.BasicErrorController.errorHtml(javax.servlet.http.HttpServletRequest,javax.servlet.http.HttpServletResponse)
2018-08-28 01:56:16.796  INFO 14724 --- [restartedMain] s.w.s.m.m.a.RequestMappingHandlerMapping : Mapped "{[/error]}" onto public org.springframework.http.ResponseEntity<java.util.Map<java.lang.String, java.lang.Object>> org.springframework.boot.autoconfigure.web.servlet.error.BasicErrorController.error(javax.servlet.http.HttpServletRequest)
2018-08-28 01:56:16.796  INFO 14724 --- [restartedMain] o.s.w.s.handler.SimpleUrlHandlerMapping  : Mapped URL path [/webjars/**] onto handler of type [class org.springframework.web.servlet.resource.ResourceHttpRequestHandler]
2018-08-28 01:56:16.796  INFO 14724 --- [restartedMain] o.s.w.s.handler.SimpleUrlHandlerMapping  : Mapped URL path [/**] onto handler of type [class org.springframework.web.servlet.resource.ResourceHttpRequestHandler]
2018-08-28 01:56:16.874  INFO 14724 --- [restartedMain] o.s.b.d.a.OptionalLiveReloadServer       : LiveReload server is running on port 35729
2018-08-28 01:56:16.874  INFO 14724 --- [restartedMain] o.s.j.e.a.AnnotationMBeanExporter        : Registering beans for JMX exposure on startup
2018-08-28 01:56:16.890  INFO 14724 --- [restartedMain] s.a.ScheduledAnnotationBeanPostProcessor : No TaskScheduler/ScheduledExecutorService bean found for scheduled processing
2018-08-28 01:56:16.906  INFO 14724 --- [restartedMain] o.s.b.w.embedded.tomcat.TomcatWebServer  : Tomcat started on port(s): 8080 (http) with context path ''
2018-08-28 01:56:16.906  INFO 14724 --- [restartedMain] c.j.z.m.MyspringbootApplication          : Started MyspringbootApplication in 1.339 seconds (JVM running for 1.851)
2018-08-28 01:56:16.906  WARN 14724 --- [restartedMain] c.j.z.myspringboot.runner.FirstRunner    : cn.jxau.zhaowei.myspringboot.runner.FirstRunnerhave done!
2018-08-28 01:56:16.906  WARN 14724 --- [restartedMain] c.j.z.myspringboot.runner.SecondRunner   : cn.jxau.zhaowei.myspringboot.runner.SecondRunnerhave done!!!
2018-08-28 01:56:16.906  WARN 14724 --- [restartedMain] c.j.z.myspringboot.runner.FirstRunner    : cn.jxau.zhaowei.myspringboot.runner.FirstRunnerhave done!
2018-08-28 01:56:16.906  WARN 14724 --- [restartedMain] c.j.z.m.MyspringbootApplication          : cn.jxau.zhaowei.myspringboot.MyspringbootApplicationhave done
2018-08-28 02:31:08.373  INFO 3272 --- [restartedMain] c.j.z.m.MyspringbootApplication          : Starting MyspringbootApplication on pc-zhaowei with PID 3272 (D:\ideaWorkSpace\MySpringBoot\target\classes started by zhaowei in D:\ideaWorkSpace\MySpringBoot)
2018-08-28 02:31:08.373  INFO 3272 --- [restartedMain] c.j.z.m.MyspringbootApplication          : No active profile set, falling back to default profiles: default
2018-08-28 02:31:08.405  INFO 3272 --- [restartedMain] ConfigServletWebServerApplicationContext : Refreshing org.springframework.boot.web.servlet.context.AnnotationConfigServletWebServerApplicationContext@494d912d: startup date [Tue Aug 28 02:31:08 CST 2018]; root of context hierarchy
2018-08-28 02:31:09.002  INFO 3272 --- [restartedMain] o.s.b.w.embedded.tomcat.TomcatWebServer  : Tomcat initialized with port(s): 8080 (http)
2018-08-28 02:31:09.017  INFO 3272 --- [restartedMain] o.apache.catalina.core.StandardService   : Starting service [Tomcat]
2018-08-28 02:31:09.017  INFO 3272 --- [restartedMain] org.apache.catalina.core.StandardEngine  : Starting Servlet Engine: Apache Tomcat/8.5.32
2018-08-28 02:31:09.017  INFO 3272 --- [localhost-startStop-1] o.a.catalina.core.AprLifecycleListener   : The APR based Apache Tomcat Native library which allows optimal performance in production environments was not found on the java.library.path: [E:\JDK10\bin;C:\WINDOWS\Sun\Java\bin;C:\WINDOWS\system32;C:\WINDOWS;E:\JDK10\bin;C:\Program Files (x86)\Common Files\Oracle\Java\javapath;C:\WINDOWS\system32;C:\WINDOWS;C:\WINDOWS\System32\Wbem;C:\WINDOWS\System32\WindowsPowerShell\v1.0\;C:\WINDOWS\System32\OpenSSH\;E:\maven\package\apache-maven-3.5.4-bin\apache-maven-3.5.4\bin;E:\Git\Git\cmd;C:\Users\dell\AppData\Local\Microsoft\WindowsApps;;E:\驱动精灵\DriverGenius;E:\驱动精灵\DriverGenius\ksoft;.]
2018-08-28 02:31:09.049  INFO 3272 --- [localhost-startStop-1] o.a.c.c.C.[Tomcat].[localhost].[/]       : Initializing Spring embedded WebApplicationContext
2018-08-28 02:31:09.049  INFO 3272 --- [localhost-startStop-1] o.s.web.context.ContextLoader            : Root WebApplicationContext: initialization completed in 644 ms
2018-08-28 02:31:09.095  INFO 3272 --- [localhost-startStop-1] o.s.b.w.servlet.ServletRegistrationBean  : Servlet dispatcherServlet mapped to [/]
2018-08-28 02:31:09.095  INFO 3272 --- [localhost-startStop-1] o.s.b.w.servlet.FilterRegistrationBean   : Mapping filter: 'characterEncodingFilter' to: [/*]
2018-08-28 02:31:09.095  INFO 3272 --- [localhost-startStop-1] o.s.b.w.servlet.FilterRegistrationBean   : Mapping filter: 'hiddenHttpMethodFilter' to: [/*]
2018-08-28 02:31:09.095  INFO 3272 --- [localhost-startStop-1] o.s.b.w.servlet.FilterRegistrationBean   : Mapping filter: 'httpPutFormContentFilter' to: [/*]
2018-08-28 02:31:09.095  INFO 3272 --- [localhost-startStop-1] o.s.b.w.servlet.FilterRegistrationBean   : Mapping filter: 'requestContextFilter' to: [/*]
2018-08-28 02:31:09.127  WARN 3272 --- [restartedMain] ConfigServletWebServerApplicationContext : Exception encountered during context initialization - cancelling refresh attempt: org.springframework.beans.factory.BeanCreationException: Error creating bean with name 'tasks' defined in file [D:\ideaWorkSpace\MySpringBoot\target\classes\cn\jxau\zhaowei\myspringboot\schedule\Tasks.class]: Initialization of bean failed; nested exception is java.lang.IllegalStateException: Encountered invalid @Scheduled method 'reportCurrentTimeByCron': For input string: "?"
2018-08-28 02:31:09.127  INFO 3272 --- [restartedMain] o.apache.catalina.core.StandardService   : Stopping service [Tomcat]
2018-08-28 02:31:09.127  INFO 3272 --- [restartedMain] ConditionEvaluationReportLoggingListener : 

Error starting ApplicationContext. To display the conditions report re-run your application with 'debug' enabled.
2018-08-28 02:31:09.127 ERROR 3272 --- [restartedMain] o.s.boot.SpringApplication               : Application run failed

org.springframework.beans.factory.BeanCreationException: Error creating bean with name 'tasks' defined in file [D:\ideaWorkSpace\MySpringBoot\target\classes\cn\jxau\zhaowei\myspringboot\schedule\Tasks.class]: Initialization of bean failed; nested exception is java.lang.IllegalStateException: Encountered invalid @Scheduled method 'reportCurrentTimeByCron': For input string: "?"
	at org.springframework.beans.factory.support.AbstractAutowireCapableBeanFactory.doCreateBean(AbstractAutowireCapableBeanFactory.java:581) ~[spring-beans-5.0.8.RELEASE.jar:5.0.8.RELEASE]
	at org.springframework.beans.factory.support.AbstractAutowireCapableBeanFactory.createBean(AbstractAutowireCapableBeanFactory.java:495) ~[spring-beans-5.0.8.RELEASE.jar:5.0.8.RELEASE]
	at org.springframework.beans.factory.support.AbstractBeanFactory.lambda$doGetBean$0(AbstractBeanFactory.java:317) ~[spring-beans-5.0.8.RELEASE.jar:5.0.8.RELEASE]
	at org.springframework.beans.factory.support.DefaultSingletonBeanRegistry.getSingleton(DefaultSingletonBeanRegistry.java:222) ~[spring-beans-5.0.8.RELEASE.jar:5.0.8.RELEASE]
	at org.springframework.beans.factory.support.AbstractBeanFactory.doGetBean(AbstractBeanFactory.java:315) ~[spring-beans-5.0.8.RELEASE.jar:5.0.8.RELEASE]
	at org.springframework.beans.factory.support.AbstractBeanFactory.getBean(AbstractBeanFactory.java:199) ~[spring-beans-5.0.8.RELEASE.jar:5.0.8.RELEASE]
	at org.springframework.beans.factory.support.DefaultListableBeanFactory.preInstantiateSingletons(DefaultListableBeanFactory.java:759) ~[spring-beans-5.0.8.RELEASE.jar:5.0.8.RELEASE]
	at org.springframework.context.support.AbstractApplicationContext.finishBeanFactoryInitialization(AbstractApplicationContext.java:869) ~[spring-context-5.0.8.RELEASE.jar:5.0.8.RELEASE]
	at org.springframework.context.support.AbstractApplicationContext.refresh(AbstractApplicationContext.java:550) ~[spring-context-5.0.8.RELEASE.jar:5.0.8.RELEASE]
	at org.springframework.boot.web.servlet.context.ServletWebServerApplicationContext.refresh(ServletWebServerApplicationContext.java:140) ~[spring-boot-2.0.4.RELEASE.jar:2.0.4.RELEASE]
	at org.springframework.boot.SpringApplication.refresh(SpringApplication.java:762) [spring-boot-2.0.4.RELEASE.jar:2.0.4.RELEASE]
	at org.springframework.boot.SpringApplication.refreshContext(SpringApplication.java:398) [spring-boot-2.0.4.RELEASE.jar:2.0.4.RELEASE]
	at org.springframework.boot.SpringApplication.run(SpringApplication.java:330) [spring-boot-2.0.4.RELEASE.jar:2.0.4.RELEASE]
	at org.springframework.boot.SpringApplication.run(SpringApplication.java:1258) [spring-boot-2.0.4.RELEASE.jar:2.0.4.RELEASE]
	at org.springframework.boot.SpringApplication.run(SpringApplication.java:1246) [spring-boot-2.0.4.RELEASE.jar:2.0.4.RELEASE]
	at cn.jxau.zhaowei.myspringboot.MyspringbootApplication.main(MyspringbootApplication.java:41) [classes/:na]
	at java.base/jdk.internal.reflect.NativeMethodAccessorImpl.invoke0(Native Method) ~[na:na]
	at java.base/jdk.internal.reflect.NativeMethodAccessorImpl.invoke(NativeMethodAccessorImpl.java:62) ~[na:na]
	at java.base/jdk.internal.reflect.DelegatingMethodAccessorImpl.invoke(DelegatingMethodAccessorImpl.java:43) ~[na:na]
	at java.base/java.lang.reflect.Method.invoke(Method.java:564) ~[na:na]
	at org.springframework.boot.devtools.restart.RestartLauncher.run(RestartLauncher.java:49) [spring-boot-devtools-2.0.4.RELEASE.jar:2.0.4.RELEASE]
Caused by: java.lang.IllegalStateException: Encountered invalid @Scheduled method 'reportCurrentTimeByCron': For input string: "?"
	at org.springframework.scheduling.annotation.ScheduledAnnotationBeanPostProcessor.processScheduled(ScheduledAnnotationBeanPostProcessor.java:469) ~[spring-context-5.0.8.RELEASE.jar:5.0.8.RELEASE]
	at org.springframework.scheduling.annotation.ScheduledAnnotationBeanPostProcessor.lambda$null$1(ScheduledAnnotationBeanPostProcessor.java:333) ~[spring-context-5.0.8.RELEASE.jar:5.0.8.RELEASE]
	at java.base/java.lang.Iterable.forEach(Iterable.java:75) ~[na:na]
	at org.springframework.scheduling.annotation.ScheduledAnnotationBeanPostProcessor.lambda$postProcessAfterInitialization$2(ScheduledAnnotationBeanPostProcessor.java:333) ~[spring-context-5.0.8.RELEASE.jar:5.0.8.RELEASE]
	at java.base/java.util.LinkedHashMap.forEach(LinkedHashMap.java:684) ~[na:na]
	at org.springframework.scheduling.annotation.ScheduledAnnotationBeanPostProcessor.postProcessAfterInitialization(ScheduledAnnotationBeanPostProcessor.java:332) ~[spring-context-5.0.8.RELEASE.jar:5.0.8.RELEASE]
	at org.springframework.beans.factory.support.AbstractAutowireCapableBeanFactory.applyBeanPostProcessorsAfterInitialization(AbstractAutowireCapableBeanFactory.java:431) ~[spring-beans-5.0.8.RELEASE.jar:5.0.8.RELEASE]
	at org.springframework.beans.factory.support.AbstractAutowireCapableBeanFactory.initializeBean(AbstractAutowireCapableBeanFactory.java:1703) ~[spring-beans-5.0.8.RELEASE.jar:5.0.8.RELEASE]
	at org.springframework.beans.factory.support.AbstractAutowireCapableBeanFactory.doCreateBean(AbstractAutowireCapableBeanFactory.java:573) ~[spring-beans-5.0.8.RELEASE.jar:5.0.8.RELEASE]
	... 20 common frames omitted

2018-08-28 02:32:02.115  INFO 3000 --- [restartedMain] c.j.z.m.MyspringbootApplication          : Starting MyspringbootApplication on pc-zhaowei with PID 3000 (D:\ideaWorkSpace\MySpringBoot\target\classes started by zhaowei in D:\ideaWorkSpace\MySpringBoot)
2018-08-28 02:32:02.115  INFO 3000 --- [restartedMain] c.j.z.m.MyspringbootApplication          : No active profile set, falling back to default profiles: default
2018-08-28 02:32:02.130  INFO 3000 --- [restartedMain] ConfigServletWebServerApplicationContext : Refreshing org.springframework.boot.web.servlet.context.AnnotationConfigServletWebServerApplicationContext@678c2a5b: startup date [Tue Aug 28 02:32:02 CST 2018]; root of context hierarchy
2018-08-28 02:32:02.721  INFO 3000 --- [restartedMain] o.s.b.w.embedded.tomcat.TomcatWebServer  : Tomcat initialized with port(s): 8080 (http)
2018-08-28 02:32:02.721  INFO 3000 --- [restartedMain] o.apache.catalina.core.StandardService   : Starting service [Tomcat]
2018-08-28 02:32:02.721  INFO 3000 --- [restartedMain] org.apache.catalina.core.StandardEngine  : Starting Servlet Engine: Apache Tomcat/8.5.32
2018-08-28 02:32:02.736  INFO 3000 --- [localhost-startStop-1] o.a.catalina.core.AprLifecycleListener   : The APR based Apache Tomcat Native library which allows optimal performance in production environments was not found on the java.library.path: [E:\JDK10\bin;C:\WINDOWS\Sun\Java\bin;C:\WINDOWS\system32;C:\WINDOWS;E:\JDK10\bin;C:\Program Files (x86)\Common Files\Oracle\Java\javapath;C:\WINDOWS\system32;C:\WINDOWS;C:\WINDOWS\System32\Wbem;C:\WINDOWS\System32\WindowsPowerShell\v1.0\;C:\WINDOWS\System32\OpenSSH\;E:\maven\package\apache-maven-3.5.4-bin\apache-maven-3.5.4\bin;E:\Git\Git\cmd;C:\Users\dell\AppData\Local\Microsoft\WindowsApps;;E:\驱动精灵\DriverGenius;E:\驱动精灵\DriverGenius\ksoft;.]
2018-08-28 02:32:02.768  INFO 3000 --- [localhost-startStop-1] o.a.c.c.C.[Tomcat].[localhost].[/]       : Initializing Spring embedded WebApplicationContext
2018-08-28 02:32:02.768  INFO 3000 --- [localhost-startStop-1] o.s.web.context.ContextLoader            : Root WebApplicationContext: initialization completed in 638 ms
2018-08-28 02:32:02.799  INFO 3000 --- [localhost-startStop-1] o.s.b.w.servlet.ServletRegistrationBean  : Servlet dispatcherServlet mapped to [/]
2018-08-28 02:32:02.814  INFO 3000 --- [localhost-startStop-1] o.s.b.w.servlet.FilterRegistrationBean   : Mapping filter: 'characterEncodingFilter' to: [/*]
2018-08-28 02:32:02.814  INFO 3000 --- [localhost-startStop-1] o.s.b.w.servlet.FilterRegistrationBean   : Mapping filter: 'hiddenHttpMethodFilter' to: [/*]
2018-08-28 02:32:02.814  INFO 3000 --- [localhost-startStop-1] o.s.b.w.servlet.FilterRegistrationBean   : Mapping filter: 'httpPutFormContentFilter' to: [/*]
2018-08-28 02:32:02.814  INFO 3000 --- [localhost-startStop-1] o.s.b.w.servlet.FilterRegistrationBean   : Mapping filter: 'requestContextFilter' to: [/*]
2018-08-28 02:32:02.830  WARN 3000 --- [restartedMain] c.j.z.m.MyspringbootApplication          : cn.jxau.zhaowei.myspringboot.MyspringbootApplicationhave done
2018-08-28 02:32:02.846  WARN 3000 --- [restartedMain] c.j.z.m.MyspringbootApplication          : cn.jxau.zhaowei.myspringboot.MyspringbootApplicationhave done
2018-08-28 02:32:02.877  INFO 3000 --- [restartedMain] o.s.w.s.handler.SimpleUrlHandlerMapping  : Mapped URL path [/**/favicon.ico] onto handler of type [class org.springframework.web.servlet.resource.ResourceHttpRequestHandler]
2018-08-28 02:32:02.955  INFO 3000 --- [restartedMain] s.w.s.m.m.a.RequestMappingHandlerAdapter : Looking for @ControllerAdvice: org.springframework.boot.web.servlet.context.AnnotationConfigServletWebServerApplicationContext@678c2a5b: startup date [Tue Aug 28 02:32:02 CST 2018]; root of context hierarchy
2018-08-28 02:32:02.971  INFO 3000 --- [restartedMain] s.w.s.m.m.a.RequestMappingHandlerMapping : Mapped "{[/greeting]}" onto public cn.jxau.zhaowei.myspringboot.hello.Greeting cn.jxau.zhaowei.myspringboot.hello.GreetingController.greeting(java.lang.String)
2018-08-28 02:32:02.986  INFO 3000 --- [restartedMain] s.w.s.m.m.a.RequestMappingHandlerMapping : Mapped "{[/error]}" onto public org.springframework.http.ResponseEntity<java.util.Map<java.lang.String, java.lang.Object>> org.springframework.boot.autoconfigure.web.servlet.error.BasicErrorController.error(javax.servlet.http.HttpServletRequest)
2018-08-28 02:32:02.986  INFO 3000 --- [restartedMain] s.w.s.m.m.a.RequestMappingHandlerMapping : Mapped "{[/error],produces=[text/html]}" onto public org.springframework.web.servlet.ModelAndView org.springframework.boot.autoconfigure.web.servlet.error.BasicErrorController.errorHtml(javax.servlet.http.HttpServletRequest,javax.servlet.http.HttpServletResponse)
2018-08-28 02:32:02.986  INFO 3000 --- [restartedMain] o.s.w.s.handler.SimpleUrlHandlerMapping  : Mapped URL path [/webjars/**] onto handler of type [class org.springframework.web.servlet.resource.ResourceHttpRequestHandler]
2018-08-28 02:32:02.986  INFO 3000 --- [restartedMain] o.s.w.s.handler.SimpleUrlHandlerMapping  : Mapped URL path [/**] onto handler of type [class org.springframework.web.servlet.resource.ResourceHttpRequestHandler]
2018-08-28 02:32:03.053  INFO 3000 --- [restartedMain] o.s.b.d.a.OptionalLiveReloadServer       : LiveReload server is running on port 35729
2018-08-28 02:32:03.069  INFO 3000 --- [restartedMain] o.s.j.e.a.AnnotationMBeanExporter        : Registering beans for JMX exposure on startup
2018-08-28 02:32:03.069  INFO 3000 --- [restartedMain] s.a.ScheduledAnnotationBeanPostProcessor : No TaskScheduler/ScheduledExecutorService bean found for scheduled processing
2018-08-28 02:32:03.085  INFO 3000 --- [restartedMain] o.s.b.w.embedded.tomcat.TomcatWebServer  : Tomcat started on port(s): 8080 (http) with context path ''
2018-08-28 02:32:03.100  INFO 3000 --- [restartedMain] c.j.z.m.MyspringbootApplication          : Started MyspringbootApplication in 1.36 seconds (JVM running for 1.889)
2018-08-28 02:32:03.100  WARN 3000 --- [restartedMain] c.j.z.myspringboot.runner.FirstRunner    : cn.jxau.zhaowei.myspringboot.runner.FirstRunnerhave done!
2018-08-28 02:32:03.100  WARN 3000 --- [restartedMain] c.j.z.myspringboot.runner.SecondRunner   : cn.jxau.zhaowei.myspringboot.runner.SecondRunnerhave done!!!
2018-08-28 02:32:03.100  WARN 3000 --- [restartedMain] c.j.z.myspringboot.runner.FirstRunner    : cn.jxau.zhaowei.myspringboot.runner.FirstRunnerhave done!
2018-08-28 02:32:03.100  WARN 3000 --- [restartedMain] c.j.z.m.MyspringbootApplication          : cn.jxau.zhaowei.myspringboot.MyspringbootApplicationhave done
2018-08-28 02:33:01.869  INFO 4392 --- [restartedMain] c.j.z.m.MyspringbootApplication          : Starting MyspringbootApplication on pc-zhaowei with PID 4392 (D:\ideaWorkSpace\MySpringBoot\target\classes started by zhaowei in D:\ideaWorkSpace\MySpringBoot)
2018-08-28 02:33:01.869  INFO 4392 --- [restartedMain] c.j.z.m.MyspringbootApplication          : No active profile set, falling back to default profiles: default
2018-08-28 02:33:01.884  INFO 4392 --- [restartedMain] ConfigServletWebServerApplicationContext : Refreshing org.springframework.boot.web.servlet.context.AnnotationConfigServletWebServerApplicationContext@7a4eda3a: startup date [Tue Aug 28 02:33:01 CST 2018]; root of context hierarchy
2018-08-28 02:33:02.470  INFO 4392 --- [restartedMain] o.s.b.w.embedded.tomcat.TomcatWebServer  : Tomcat initialized with port(s): 8080 (http)
2018-08-28 02:33:02.485  INFO 4392 --- [restartedMain] o.apache.catalina.core.StandardService   : Starting service [Tomcat]
2018-08-28 02:33:02.485  INFO 4392 --- [restartedMain] org.apache.catalina.core.StandardEngine  : Starting Servlet Engine: Apache Tomcat/8.5.32
2018-08-28 02:33:02.485  INFO 4392 --- [localhost-startStop-1] o.a.catalina.core.AprLifecycleListener   : The APR based Apache Tomcat Native library which allows optimal performance in production environments was not found on the java.library.path: [E:\JDK10\bin;C:\WINDOWS\Sun\Java\bin;C:\WINDOWS\system32;C:\WINDOWS;E:\JDK10\bin;C:\Program Files (x86)\Common Files\Oracle\Java\javapath;C:\WINDOWS\system32;C:\WINDOWS;C:\WINDOWS\System32\Wbem;C:\WINDOWS\System32\WindowsPowerShell\v1.0\;C:\WINDOWS\System32\OpenSSH\;E:\maven\package\apache-maven-3.5.4-bin\apache-maven-3.5.4\bin;E:\Git\Git\cmd;C:\Users\dell\AppData\Local\Microsoft\WindowsApps;;E:\驱动精灵\DriverGenius;E:\驱动精灵\DriverGenius\ksoft;.]
2018-08-28 02:33:02.532  INFO 4392 --- [localhost-startStop-1] o.a.c.c.C.[Tomcat].[localhost].[/]       : Initializing Spring embedded WebApplicationContext
2018-08-28 02:33:02.532  INFO 4392 --- [localhost-startStop-1] o.s.web.context.ContextLoader            : Root WebApplicationContext: initialization completed in 648 ms
2018-08-28 02:33:02.563  INFO 4392 --- [localhost-startStop-1] o.s.b.w.servlet.ServletRegistrationBean  : Servlet dispatcherServlet mapped to [/]
2018-08-28 02:33:02.563  INFO 4392 --- [localhost-startStop-1] o.s.b.w.servlet.FilterRegistrationBean   : Mapping filter: 'characterEncodingFilter' to: [/*]
2018-08-28 02:33:02.563  INFO 4392 --- [localhost-startStop-1] o.s.b.w.servlet.FilterRegistrationBean   : Mapping filter: 'hiddenHttpMethodFilter' to: [/*]
2018-08-28 02:33:02.563  INFO 4392 --- [localhost-startStop-1] o.s.b.w.servlet.FilterRegistrationBean   : Mapping filter: 'httpPutFormContentFilter' to: [/*]
2018-08-28 02:33:02.563  INFO 4392 --- [localhost-startStop-1] o.s.b.w.servlet.FilterRegistrationBean   : Mapping filter: 'requestContextFilter' to: [/*]
2018-08-28 02:33:02.594  WARN 4392 --- [restartedMain] c.j.z.m.MyspringbootApplication          : cn.jxau.zhaowei.myspringboot.MyspringbootApplicationhave done
2018-08-28 02:33:02.594  WARN 4392 --- [restartedMain] c.j.z.m.MyspringbootApplication          : cn.jxau.zhaowei.myspringboot.MyspringbootApplicationhave done
2018-08-28 02:33:02.626  INFO 4392 --- [restartedMain] o.s.w.s.handler.SimpleUrlHandlerMapping  : Mapped URL path [/**/favicon.ico] onto handler of type [class org.springframework.web.servlet.resource.ResourceHttpRequestHandler]
2018-08-28 02:33:02.719  INFO 4392 --- [restartedMain] s.w.s.m.m.a.RequestMappingHandlerAdapter : Looking for @ControllerAdvice: org.springframework.boot.web.servlet.context.AnnotationConfigServletWebServerApplicationContext@7a4eda3a: startup date [Tue Aug 28 02:33:01 CST 2018]; root of context hierarchy
2018-08-28 02:33:02.735  INFO 4392 --- [restartedMain] s.w.s.m.m.a.RequestMappingHandlerMapping : Mapped "{[/greeting]}" onto public cn.jxau.zhaowei.myspringboot.hello.Greeting cn.jxau.zhaowei.myspringboot.hello.GreetingController.greeting(java.lang.String)
2018-08-28 02:33:02.735  INFO 4392 --- [restartedMain] s.w.s.m.m.a.RequestMappingHandlerMapping : Mapped "{[/error]}" onto public org.springframework.http.ResponseEntity<java.util.Map<java.lang.String, java.lang.Object>> org.springframework.boot.autoconfigure.web.servlet.error.BasicErrorController.error(javax.servlet.http.HttpServletRequest)
2018-08-28 02:33:02.735  INFO 4392 --- [restartedMain] s.w.s.m.m.a.RequestMappingHandlerMapping : Mapped "{[/error],produces=[text/html]}" onto public org.springframework.web.servlet.ModelAndView org.springframework.boot.autoconfigure.web.servlet.error.BasicErrorController.errorHtml(javax.servlet.http.HttpServletRequest,javax.servlet.http.HttpServletResponse)
2018-08-28 02:33:02.751  INFO 4392 --- [restartedMain] o.s.w.s.handler.SimpleUrlHandlerMapping  : Mapped URL path [/webjars/**] onto handler of type [class org.springframework.web.servlet.resource.ResourceHttpRequestHandler]
2018-08-28 02:33:02.751  INFO 4392 --- [restartedMain] o.s.w.s.handler.SimpleUrlHandlerMapping  : Mapped URL path [/**] onto handler of type [class org.springframework.web.servlet.resource.ResourceHttpRequestHandler]
2018-08-28 02:33:02.813  INFO 4392 --- [restartedMain] o.s.b.d.a.OptionalLiveReloadServer       : LiveReload server is running on port 35729
2018-08-28 02:33:02.829  INFO 4392 --- [restartedMain] o.s.j.e.a.AnnotationMBeanExporter        : Registering beans for JMX exposure on startup
2018-08-28 02:33:02.829  INFO 4392 --- [restartedMain] s.a.ScheduledAnnotationBeanPostProcessor : No TaskScheduler/ScheduledExecutorService bean found for scheduled processing
2018-08-28 02:33:02.844  INFO 4392 --- [restartedMain] o.s.b.w.embedded.tomcat.TomcatWebServer  : Tomcat started on port(s): 8080 (http) with context path ''
2018-08-28 02:33:02.844  INFO 4392 --- [restartedMain] c.j.z.m.MyspringbootApplication          : Started MyspringbootApplication in 1.341 seconds (JVM running for 1.902)
2018-08-28 02:33:02.860  WARN 4392 --- [restartedMain] c.j.z.myspringboot.runner.FirstRunner    : cn.jxau.zhaowei.myspringboot.runner.FirstRunnerhave done!
2018-08-28 02:33:02.860  WARN 4392 --- [restartedMain] c.j.z.myspringboot.runner.SecondRunner   : cn.jxau.zhaowei.myspringboot.runner.SecondRunnerhave done!!!
2018-08-28 02:33:02.860  WARN 4392 --- [restartedMain] c.j.z.myspringboot.runner.FirstRunner    : cn.jxau.zhaowei.myspringboot.runner.FirstRunnerhave done!
2018-08-28 02:33:02.860  WARN 4392 --- [restartedMain] c.j.z.m.MyspringbootApplication          : cn.jxau.zhaowei.myspringboot.MyspringbootApplicationhave done
2018-08-28 03:31:20.316  INFO 4392 --- [http-nio-8080-exec-1] o.a.c.c.C.[Tomcat].[localhost].[/]       : Initializing Spring FrameworkServlet 'dispatcherServlet'
2018-08-28 03:31:20.317  INFO 4392 --- [http-nio-8080-exec-1] o.s.web.servlet.DispatcherServlet        : FrameworkServlet 'dispatcherServlet': initialization started
2018-08-28 03:31:20.326  INFO 4392 --- [http-nio-8080-exec-1] o.s.web.servlet.DispatcherServlet        : FrameworkServlet 'dispatcherServlet': initialization completed in 9 ms
2018-08-28 03:31:20.340  WARN 4392 --- [http-nio-8080-exec-1] c.j.z.m.hello.GreetingController         : cn.jxau.zhaowei.myspringboot.hello.GreetingControllerhava finished greeting method
2018-08-28 03:31:21.283  WARN 4392 --- [http-nio-8080-exec-6] c.j.z.m.hello.GreetingController         : cn.jxau.zhaowei.myspringboot.hello.GreetingControllerhava finished greeting method
2018-08-28 03:31:22.235  WARN 4392 --- [http-nio-8080-exec-5] c.j.z.m.hello.GreetingController         : cn.jxau.zhaowei.myspringboot.hello.GreetingControllerhava finished greeting method
